<?xml version="1.0" encoding="UTF-8"?>
<testng-results ignored="0" total="2" passed="2" failed="0" skipped="0">
  <reporter-output>
  </reporter-output>
  <suite started-at="2024-02-06T20:20:29 IST" name="Default suite" finished-at="2024-02-06T20:20:31 IST" duration-ms="1875">
    <groups>
    </groups>
    <test started-at="2024-02-06T20:20:29 IST" name="Default test" finished-at="2024-02-06T20:20:31 IST" duration-ms="1875">
      <class name="testAdvance.API_Login">
        <test-method signature="login()[pri:0, instance:testAdvance.API_Login@32eff876]" started-at="2024-02-06T20:20:29 IST" name="login" finished-at="2024-02-06T20:20:31 IST" duration-ms="1507" status="PASS">
          <reporter-output>
          </reporter-output>
        </test-method> <!-- login -->
        <test-method signature="createBug()[pri:2, instance:testAdvance.API_Login@32eff876]" started-at="2024-02-06T20:20:31 IST" name="createBug" finished-at="2024-02-06T20:20:31 IST" duration-ms="317" status="PASS">
          <reporter-output>
          </reporter-output>
        </test-method> <!-- createBug -->
      </class> <!-- testAdvance.API_Login -->
    </test> <!-- Default test -->
  </suite> <!-- Default suite -->
</testng-results>
